<?xml version="1.0" encoding="UTF-8"?>
<coverage generated="1702599467582" clover="3.2.0">
  <project timestamp="1702599467582" name="All files">
    <metrics statements="71" coveredstatements="67" conditionals="18" coveredconditionals="12" methods="22" coveredmethods="17" elements="111" coveredelements="96" complexity="0" loc="71" ncloc="71" packages="4" files="10" classes="10"/>
    <package name="components">
      <metrics statements="29" coveredstatements="26" conditionals="2" coveredconditionals="2" methods="12" coveredmethods="9"/>
      <file name="Home.tsx" path="C:\Users\Admin\Desktop\520_Soft_Engg\520_Project\StudentDataManagementSystem\client\src\components\Home.tsx">
        <metrics statements="13" coveredstatements="10" conditionals="2" coveredconditionals="2" methods="5" coveredmethods="2"/>
        <line num="1" count="1" type="stmt"/>
        <line num="2" count="1" type="stmt"/>
        <line num="3" count="1" type="stmt"/>
        <line num="4" count="1" type="stmt"/>
        <line num="6" count="1" type="stmt"/>
        <line num="7" count="0" type="stmt"/>
        <line num="9" count="1" type="stmt"/>
        <line num="11" count="8" type="stmt"/>
        <line num="12" count="8" type="stmt"/>
        <line num="26" count="2" type="stmt"/>
        <line num="29" count="0" type="stmt"/>
        <line num="32" count="0" type="stmt"/>
        <line num="41" count="1" type="stmt"/>
      </file>
      <file name="LoginModal.tsx" path="C:\Users\Admin\Desktop\520_Soft_Engg\520_Project\StudentDataManagementSystem\client\src\components\LoginModal.tsx">
        <metrics statements="4" coveredstatements="4" conditionals="0" coveredconditionals="0" methods="1" coveredmethods="1"/>
        <line num="1" count="1" type="stmt"/>
        <line num="3" count="1" type="stmt"/>
        <line num="4" count="2" type="stmt"/>
        <line num="30" count="1" type="stmt"/>
      </file>
      <file name="sideBar.tsx" path="C:\Users\Admin\Desktop\520_Soft_Engg\520_Project\StudentDataManagementSystem\client\src\components\sideBar.tsx">
        <metrics statements="12" coveredstatements="12" conditionals="0" coveredconditionals="0" methods="6" coveredmethods="6"/>
        <line num="1" count="2" type="stmt"/>
        <line num="3" count="2" type="stmt"/>
        <line num="4" count="11" type="stmt"/>
        <line num="5" count="11" type="stmt"/>
        <line num="24" count="11" type="stmt"/>
        <line num="26" count="33" type="stmt"/>
        <line num="27" count="33" type="stmt"/>
        <line num="28" count="1" type="stmt"/>
        <line num="30" count="121" type="stmt"/>
        <line num="31" count="121" type="stmt"/>
        <line num="32" count="121" type="stmt"/>
        <line num="40" count="2" type="stmt"/>
      </file>
    </package>
    <package name="components.dashboardComponents">
      <metrics statements="22" coveredstatements="21" conditionals="16" coveredconditionals="10" methods="5" coveredmethods="3"/>
      <file name="AcademicMain.tsx" path="C:\Users\Admin\Desktop\520_Soft_Engg\520_Project\StudentDataManagementSystem\client\src\components\dashboardComponents\AcademicMain.tsx">
        <metrics statements="15" coveredstatements="14" conditionals="16" coveredconditionals="10" methods="3" coveredmethods="1"/>
        <line num="1" count="1" type="stmt"/>
        <line num="3" count="1" type="stmt"/>
        <line num="4" count="1" type="stmt"/>
        <line num="5" count="1" type="stmt"/>
        <line num="6" count="1" type="stmt"/>
        <line num="7" count="1" type="stmt"/>
        <line num="8" count="1" type="stmt"/>
        <line num="9" count="1" type="stmt"/>
        <line num="11" count="1" type="stmt"/>
        <line num="14" count="1" type="stmt"/>
        <line num="15" count="6" type="stmt"/>
        <line num="16" count="5" type="stmt"/>
        <line num="17" count="0" type="stmt"/>
        <line num="19" count="5" type="stmt"/>
        <line num="43" count="1" type="stmt"/>
      </file>
      <file name="ManageClasses.tsx" path="C:\Users\Admin\Desktop\520_Soft_Engg\520_Project\StudentDataManagementSystem\client\src\components\dashboardComponents\ManageClasses.tsx">
        <metrics statements="7" coveredstatements="7" conditionals="0" coveredconditionals="0" methods="2" coveredmethods="2"/>
        <line num="1" count="1" type="stmt"/>
        <line num="2" count="1" type="stmt"/>
        <line num="4" count="1" type="stmt"/>
        <line num="5" count="5" type="stmt"/>
        <line num="6" count="5" type="stmt"/>
        <line num="13" count="20" type="stmt"/>
        <line num="32" count="1" type="stmt"/>
      </file>
    </package>
    <package name="components.dashboardComponents.AcademicContents">
      <metrics statements="8" coveredstatements="8" conditionals="0" coveredconditionals="0" methods="2" coveredmethods="2"/>
      <file name="graduation.tsx" path="C:\Users\Admin\Desktop\520_Soft_Engg\520_Project\StudentDataManagementSystem\client\src\components\dashboardComponents\AcademicContents\graduation.tsx">
        <metrics statements="4" coveredstatements="4" conditionals="0" coveredconditionals="0" methods="1" coveredmethods="1"/>
        <line num="1" count="2" type="stmt"/>
        <line num="3" count="2" type="stmt"/>
        <line num="4" count="1" type="stmt"/>
        <line num="8" count="2" type="stmt"/>
      </file>
      <file name="transcriptRequest.tsx" path="C:\Users\Admin\Desktop\520_Soft_Engg\520_Project\StudentDataManagementSystem\client\src\components\dashboardComponents\AcademicContents\transcriptRequest.tsx">
        <metrics statements="4" coveredstatements="4" conditionals="0" coveredconditionals="0" methods="1" coveredmethods="1"/>
        <line num="1" count="2" type="stmt"/>
        <line num="3" count="2" type="stmt"/>
        <line num="4" count="1" type="stmt"/>
        <line num="7" count="2" type="stmt"/>
      </file>
    </package>
    <package name="components.dashboardComponents.CpaContents">
      <metrics statements="12" coveredstatements="12" conditionals="0" coveredconditionals="0" methods="3" coveredmethods="3"/>
      <file name="browseCourses.tsx" path="C:\Users\Admin\Desktop\520_Soft_Engg\520_Project\StudentDataManagementSystem\client\src\components\dashboardComponents\CpaContents\browseCourses.tsx">
        <metrics statements="4" coveredstatements="4" conditionals="0" coveredconditionals="0" methods="1" coveredmethods="1"/>
        <line num="1" count="1" type="stmt"/>
        <line num="3" count="1" type="stmt"/>
        <line num="4" count="1" type="stmt"/>
        <line num="7" count="1" type="stmt"/>
      </file>
      <file name="checkReq.tsx" path="C:\Users\Admin\Desktop\520_Soft_Engg\520_Project\StudentDataManagementSystem\client\src\components\dashboardComponents\CpaContents\checkReq.tsx">
        <metrics statements="4" coveredstatements="4" conditionals="0" coveredconditionals="0" methods="1" coveredmethods="1"/>
        <line num="1" count="1" type="stmt"/>
        <line num="3" count="1" type="stmt"/>
        <line num="4" count="1" type="stmt"/>
        <line num="7" count="1" type="stmt"/>
      </file>
      <file name="currentCourses.tsx" path="C:\Users\Admin\Desktop\520_Soft_Engg\520_Project\StudentDataManagementSystem\client\src\components\dashboardComponents\CpaContents\currentCourses.tsx">
        <metrics statements="4" coveredstatements="4" conditionals="0" coveredconditionals="0" methods="1" coveredmethods="1"/>
        <line num="1" count="1" type="stmt"/>
        <line num="3" count="1" type="stmt"/>
        <line num="4" count="1" type="stmt"/>
        <line num="7" count="1" type="stmt"/>
      </file>
    </package>
  </project>
</coverage>
