{"C:\\Users\\Admin\\Desktop\\520_Soft_Engg\\520_Project\\StudentDataManagementSystem\\client\\src\\components\\Home.tsx": {"path":"C:\\Users\\Admin\\Desktop\\520_Soft_Engg\\520_Project\\StudentDataManagementSystem\\client\\src\\components\\Home.tsx","statementMap":{"0":{"start":{"line":1,"column":0},"end":{"line":1,"column":37}},"1":{"start":{"line":2,"column":0},"end":{"line":2,"column":27}},"2":{"start":{"line":3,"column":0},"end":{"line":3,"column":37}},"3":{"start":{"line":4,"column":0},"end":{"line":4,"column":41}},"4":{"start":{"line":6,"column":14},"end":{"line":8,"column":1}},"5":{"start":{"line":7,"column":4},"end":{"line":7,"column":null}},"6":{"start":{"line":9,"column":22},"end":{"line":40,"column":1}},"7":{"start":{"line":11,"column":32},"end":{"line":11,"column":43}},"8":{"start":{"line":11,"column":17},"end":{"line":11,"column":19}},"9":{"start":{"line":11,"column":28},"end":{"line":11,"column":32}},"10":{"start":{"line":12,"column":4},"end":{"line":39,"column":null}},"11":{"start":{"line":26,"column":55},"end":{"line":26,"column":null}},"12":{"start":{"line":29,"column":55},"end":{"line":29,"column":null}},"13":{"start":{"line":32,"column":55},"end":{"line":32,"column":null}},"14":{"start":{"line":41,"column":0},"end":{"line":41,"column":null}}},"fnMap":{"0":{"name":"(anonymous_7)","decl":{"start":{"line":6,"column":14},"end":{"line":6,"column":null}},"loc":{"start":{"line":6,"column":14},"end":{"line":8,"column":1}}},"1":{"name":"(anonymous_8)","decl":{"start":{"line":9,"column":22},"end":{"line":9,"column":23}},"loc":{"start":{"line":9,"column":32},"end":{"line":40,"column":1}}},"2":{"name":"(anonymous_9)","decl":{"start":{"line":26,"column":51},"end":{"line":26,"column":55}},"loc":{"start":{"line":26,"column":51},"end":{"line":26,"column":64}}},"3":{"name":"(anonymous_10)","decl":{"start":{"line":29,"column":51},"end":{"line":29,"column":55}},"loc":{"start":{"line":29,"column":51},"end":{"line":29,"column":64}}},"4":{"name":"(anonymous_11)","decl":{"start":{"line":32,"column":51},"end":{"line":32,"column":55}},"loc":{"start":{"line":32,"column":51},"end":{"line":32,"column":64}}}},"branchMap":{"0":{"loc":{"start":{"line":36,"column":9},"end":{"line":37,"column":null}},"type":"binary-expr","locations":[{"start":{"line":36,"column":9},"end":{"line":36,"column":18}},{"start":{"line":36,"column":22},"end":{"line":37,"column":null}}]}},"s":{"0":1,"1":1,"2":1,"3":1,"4":1,"5":0,"6":1,"7":25,"8":0,"9":0,"10":0,"11":0,"12":0,"13":0,"14":1},"f":{"0":0,"1":25,"2":0,"3":0,"4":0},"b":{"0":[0,0]}}
,"C:\\Users\\Admin\\Desktop\\520_Soft_Engg\\520_Project\\StudentDataManagementSystem\\client\\src\\components\\LoginModal.tsx": {"path":"C:\\Users\\Admin\\Desktop\\520_Soft_Engg\\520_Project\\StudentDataManagementSystem\\client\\src\\components\\LoginModal.tsx","statementMap":{"0":{"start":{"line":1,"column":0},"end":{"line":1,"column":25}},"1":{"start":{"line":3,"column":19},"end":{"line":28,"column":1}},"2":{"start":{"line":4,"column":4},"end":{"line":27,"column":null}},"3":{"start":{"line":30,"column":0},"end":{"line":30,"column":null}}},"fnMap":{"0":{"name":"(anonymous_1)","decl":{"start":{"line":3,"column":19},"end":{"line":3,"column":20}},"loc":{"start":{"line":3,"column":29},"end":{"line":28,"column":1}}}},"branchMap":{},"s":{"0":1,"1":1,"2":0,"3":1},"f":{"0":0},"b":{}}
,"C:\\Users\\Admin\\Desktop\\520_Soft_Engg\\520_Project\\StudentDataManagementSystem\\client\\src\\components\\sideBar.tsx": {"path":"C:\\Users\\Admin\\Desktop\\520_Soft_Engg\\520_Project\\StudentDataManagementSystem\\client\\src\\components\\sideBar.tsx","statementMap":{"0":{"start":{"line":1,"column":0},"end":{"line":1,"column":37}},"1":{"start":{"line":3,"column":16},"end":{"line":38,"column":1}},"2":{"start":{"line":4,"column":28},"end":{"line":4,"column":79}},"3":{"start":{"line":5,"column":22},"end":{"line":23,"column":null}},"4":{"start":{"line":24,"column":4},"end":{"line":37,"column":null}},"5":{"start":{"line":26,"column":37},"end":{"line":26,"column":86}},"6":{"start":{"line":27,"column":20},"end":{"line":35,"column":null}},"7":{"start":{"line":28,"column":81},"end":{"line":28,"column":112}},"8":{"start":{"line":30,"column":36},"end":{"line":33,"column":null}},"9":{"start":{"line":30,"column":76},"end":{"line":30,"column":77}},"10":{"start":{"line":30,"column":82},"end":{"line":30,"column":83}},"11":{"start":{"line":31,"column":52},"end":{"line":31,"column":67}},"12":{"start":{"line":32,"column":40},"end":{"line":32,"column":null}},"13":{"start":{"line":32,"column":91},"end":{"line":32,"column":118}},"14":{"start":{"line":40,"column":0},"end":{"line":40,"column":null}}},"fnMap":{"0":{"name":"(anonymous_1)","decl":{"start":{"line":3,"column":16},"end":{"line":3,"column":null}},"loc":{"start":{"line":3,"column":16},"end":{"line":38,"column":1}}},"1":{"name":"(anonymous_2)","decl":{"start":{"line":25,"column":39},"end":{"line":25,"column":40}},"loc":{"start":{"line":25,"column":48},"end":{"line":36,"column":17}}},"2":{"name":"(anonymous_3)","decl":{"start":{"line":28,"column":76},"end":{"line":28,"column":81}},"loc":{"start":{"line":28,"column":76},"end":{"line":28,"column":87}}},"3":{"name":"(anonymous_4)","decl":{"start":{"line":29,"column":56},"end":{"line":29,"column":57}},"loc":{"start":{"line":29,"column":68},"end":{"line":34,"column":33}}},"4":{"name":"(anonymous_5)","decl":{"start":{"line":30,"column":71},"end":{"line":30,"column":72}},"loc":{"start":{"line":30,"column":83},"end":{"line":33,"column":37}}},"5":{"name":"(anonymous_6)","decl":{"start":{"line":32,"column":86},"end":{"line":32,"column":91}},"loc":{"start":{"line":32,"column":86},"end":{"line":32,"column":97}}}},"branchMap":{},"s":{"0":2,"1":2,"2":5,"3":5,"4":5,"5":15,"6":15,"7":1,"8":15,"9":55,"10":55,"11":55,"12":55,"13":1,"14":2},"f":{"0":5,"1":15,"2":1,"3":15,"4":55,"5":1},"b":{}}
,"C:\\Users\\Admin\\Desktop\\520_Soft_Engg\\520_Project\\StudentDataManagementSystem\\client\\src\\components\\dashboardComponents\\AcademicMain.tsx": {"path":"C:\\Users\\Admin\\Desktop\\520_Soft_Engg\\520_Project\\StudentDataManagementSystem\\client\\src\\components\\dashboardComponents\\AcademicMain.tsx","statementMap":{"0":{"start":{"line":1,"column":0},"end":{"line":1,"column":37}},"1":{"start":{"line":3,"column":0},"end":{"line":3,"column":35}},"2":{"start":{"line":4,"column":0},"end":{"line":4,"column":56}},"3":{"start":{"line":5,"column":0},"end":{"line":5,"column":54}},"4":{"start":{"line":6,"column":0},"end":{"line":6,"column":60}},"5":{"start":{"line":7,"column":0},"end":{"line":7,"column":68}},"6":{"start":{"line":8,"column":0},"end":{"line":8,"column":54}},"7":{"start":{"line":9,"column":0},"end":{"line":9,"column":32}},"8":{"start":{"line":11,"column":20},"end":{"line":13,"column":1}},"9":{"start":{"line":14,"column":21},"end":{"line":41,"column":1}},"10":{"start":{"line":15,"column":30},"end":{"line":15,"column":60}},"11":{"start":{"line":15,"column":15},"end":{"line":15,"column":16}},"12":{"start":{"line":15,"column":26},"end":{"line":15,"column":30}},"13":{"start":{"line":16,"column":4},"end":{"line":18,"column":null}},"14":{"start":{"line":17,"column":8},"end":{"line":17,"column":null}},"15":{"start":{"line":19,"column":4},"end":{"line":40,"column":6}},"16":{"start":{"line":43,"column":0},"end":{"line":43,"column":null}}},"fnMap":{"0":{"name":"(anonymous_7)","decl":{"start":{"line":11,"column":20},"end":{"line":11,"column":null}},"loc":{"start":{"line":11,"column":20},"end":{"line":13,"column":1}}},"1":{"name":"(anonymous_8)","decl":{"start":{"line":14,"column":21},"end":{"line":14,"column":22}},"loc":{"start":{"line":14,"column":31},"end":{"line":41,"column":1}}},"2":{"name":"(anonymous_9)","decl":{"start":{"line":16,"column":26},"end":{"line":16,"column":null}},"loc":{"start":{"line":16,"column":26},"end":{"line":18,"column":5}}}},"branchMap":{"0":{"loc":{"start":{"line":24,"column":46},"end":{"line":28,"column":38}},"type":"cond-expr","locations":[{"start":{"line":24,"column":67},"end":{"line":24,"column":75}},{"start":{"line":25,"column":20},"end":{"line":28,"column":38}}]},"1":{"loc":{"start":{"line":25,"column":20},"end":{"line":28,"column":38}},"type":"cond-expr","locations":[{"start":{"line":25,"column":40},"end":{"line":25,"column":56}},{"start":{"line":26,"column":20},"end":{"line":28,"column":38}}]},"2":{"loc":{"start":{"line":26,"column":20},"end":{"line":28,"column":38}},"type":"cond-expr","locations":[{"start":{"line":26,"column":39},"end":{"line":26,"column":59}},{"start":{"line":27,"column":20},"end":{"line":28,"column":38}}]},"3":{"loc":{"start":{"line":27,"column":20},"end":{"line":28,"column":38}},"type":"cond-expr","locations":[{"start":{"line":27,"column":39},"end":{"line":27,"column":51}},{"start":{"line":28,"column":20},"end":{"line":28,"column":38}}]},"4":{"loc":{"start":{"line":32,"column":13},"end":{"line":36,"column":38}},"type":"cond-expr","locations":[{"start":{"line":32,"column":34},"end":{"line":32,"column":51}},{"start":{"line":33,"column":20},"end":{"line":36,"column":38}}]},"5":{"loc":{"start":{"line":33,"column":20},"end":{"line":36,"column":38}},"type":"cond-expr","locations":[{"start":{"line":33,"column":40},"end":{"line":33,"column":56}},{"start":{"line":34,"column":20},"end":{"line":36,"column":38}}]},"6":{"loc":{"start":{"line":34,"column":20},"end":{"line":36,"column":38}},"type":"cond-expr","locations":[{"start":{"line":34,"column":39},"end":{"line":34,"column":59}},{"start":{"line":35,"column":20},"end":{"line":36,"column":38}}]},"7":{"loc":{"start":{"line":35,"column":20},"end":{"line":36,"column":38}},"type":"cond-expr","locations":[{"start":{"line":35,"column":39},"end":{"line":35,"column":52}},{"start":{"line":36,"column":20},"end":{"line":36,"column":38}}]}},"s":{"0":1,"1":1,"2":1,"3":1,"4":1,"5":1,"6":1,"7":1,"8":1,"9":1,"10":21,"11":0,"12":0,"13":0,"14":0,"15":0,"16":1},"f":{"0":0,"1":21,"2":0},"b":{"0":[0,0],"1":[0,0],"2":[0,0],"3":[0,0],"4":[0,0],"5":[0,0],"6":[0,0],"7":[0,0]}}
,"C:\\Users\\Admin\\Desktop\\520_Soft_Engg\\520_Project\\StudentDataManagementSystem\\client\\src\\components\\dashboardComponents\\ManageClasses.tsx": {"path":"C:\\Users\\Admin\\Desktop\\520_Soft_Engg\\520_Project\\StudentDataManagementSystem\\client\\src\\components\\dashboardComponents\\ManageClasses.tsx","statementMap":{"0":{"start":{"line":1,"column":0},"end":{"line":1,"column":25}},"1":{"start":{"line":2,"column":0},"end":{"line":2,"column":35}},"2":{"start":{"line":4,"column":22},"end":{"line":30,"column":1}},"3":{"start":{"line":5,"column":28},"end":{"line":5,"column":87}},"4":{"start":{"line":6,"column":4},"end":{"line":29,"column":null}},"5":{"start":{"line":13,"column":20},"end":{"line":13,"column":null}},"6":{"start":{"line":32,"column":0},"end":{"line":32,"column":null}}},"fnMap":{"0":{"name":"(anonymous_1)","decl":{"start":{"line":4,"column":22},"end":{"line":4,"column":23}},"loc":{"start":{"line":4,"column":32},"end":{"line":30,"column":1}}},"1":{"name":"(anonymous_2)","decl":{"start":{"line":12,"column":39},"end":{"line":12,"column":40}},"loc":{"start":{"line":12,"column":44},"end":{"line":14,"column":17}}}},"branchMap":{},"s":{"0":1,"1":1,"2":1,"3":4,"4":4,"5":16,"6":1},"f":{"0":4,"1":16},"b":{}}
,"C:\\Users\\Admin\\Desktop\\520_Soft_Engg\\520_Project\\StudentDataManagementSystem\\client\\src\\components\\dashboardComponents\\AcademicContents\\graduation.tsx": {"path":"C:\\Users\\Admin\\Desktop\\520_Soft_Engg\\520_Project\\StudentDataManagementSystem\\client\\src\\components\\dashboardComponents\\AcademicContents\\graduation.tsx","statementMap":{"0":{"start":{"line":1,"column":0},"end":{"line":1,"column":25}},"1":{"start":{"line":3,"column":19},"end":{"line":6,"column":1}},"2":{"start":{"line":4,"column":4},"end":{"line":5,"column":null}},"3":{"start":{"line":8,"column":0},"end":{"line":8,"column":null}}},"fnMap":{"0":{"name":"(anonymous_1)","decl":{"start":{"line":3,"column":19},"end":{"line":3,"column":null}},"loc":{"start":{"line":3,"column":19},"end":{"line":6,"column":1}}}},"branchMap":{},"s":{"0":2,"1":2,"2":1,"3":2},"f":{"0":1},"b":{}}
,"C:\\Users\\Admin\\Desktop\\520_Soft_Engg\\520_Project\\StudentDataManagementSystem\\client\\src\\components\\dashboardComponents\\AcademicContents\\transcriptRequest.tsx": {"path":"C:\\Users\\Admin\\Desktop\\520_Soft_Engg\\520_Project\\StudentDataManagementSystem\\client\\src\\components\\dashboardComponents\\AcademicContents\\transcriptRequest.tsx","statementMap":{"0":{"start":{"line":1,"column":0},"end":{"line":1,"column":25}},"1":{"start":{"line":3,"column":26},"end":{"line":5,"column":1}},"2":{"start":{"line":4,"column":4},"end":{"line":4,"column":null}},"3":{"start":{"line":7,"column":0},"end":{"line":7,"column":null}}},"fnMap":{"0":{"name":"(anonymous_1)","decl":{"start":{"line":3,"column":26},"end":{"line":3,"column":null}},"loc":{"start":{"line":3,"column":26},"end":{"line":5,"column":1}}}},"branchMap":{},"s":{"0":2,"1":2,"2":1,"3":2},"f":{"0":1},"b":{}}
,"C:\\Users\\Admin\\Desktop\\520_Soft_Engg\\520_Project\\StudentDataManagementSystem\\client\\src\\components\\dashboardComponents\\CpaContents\\browseCourses.tsx": {"path":"C:\\Users\\Admin\\Desktop\\520_Soft_Engg\\520_Project\\StudentDataManagementSystem\\client\\src\\components\\dashboardComponents\\CpaContents\\browseCourses.tsx","statementMap":{"0":{"start":{"line":1,"column":0},"end":{"line":1,"column":38}},"1":{"start":{"line":3,"column":22},"end":{"line":5,"column":1}},"2":{"start":{"line":4,"column":4},"end":{"line":4,"column":null}},"3":{"start":{"line":7,"column":0},"end":{"line":7,"column":null}}},"fnMap":{"0":{"name":"(anonymous_1)","decl":{"start":{"line":3,"column":22},"end":{"line":3,"column":null}},"loc":{"start":{"line":3,"column":22},"end":{"line":5,"column":1}}}},"branchMap":{},"s":{"0":1,"1":1,"2":1,"3":1},"f":{"0":1},"b":{}}
,"C:\\Users\\Admin\\Desktop\\520_Soft_Engg\\520_Project\\StudentDataManagementSystem\\client\\src\\components\\dashboardComponents\\CpaContents\\checkReq.tsx": {"path":"C:\\Users\\Admin\\Desktop\\520_Soft_Engg\\520_Project\\StudentDataManagementSystem\\client\\src\\components\\dashboardComponents\\CpaContents\\checkReq.tsx","statementMap":{"0":{"start":{"line":1,"column":0},"end":{"line":1,"column":38}},"1":{"start":{"line":3,"column":17},"end":{"line":5,"column":1}},"2":{"start":{"line":4,"column":4},"end":{"line":4,"column":null}},"3":{"start":{"line":7,"column":0},"end":{"line":7,"column":null}}},"fnMap":{"0":{"name":"(anonymous_1)","decl":{"start":{"line":3,"column":17},"end":{"line":3,"column":null}},"loc":{"start":{"line":3,"column":17},"end":{"line":5,"column":1}}}},"branchMap":{},"s":{"0":1,"1":1,"2":1,"3":1},"f":{"0":1},"b":{}}
,"C:\\Users\\Admin\\Desktop\\520_Soft_Engg\\520_Project\\StudentDataManagementSystem\\client\\src\\components\\dashboardComponents\\CpaContents\\currentCourses.tsx": {"path":"C:\\Users\\Admin\\Desktop\\520_Soft_Engg\\520_Project\\StudentDataManagementSystem\\client\\src\\components\\dashboardComponents\\CpaContents\\currentCourses.tsx","statementMap":{"0":{"start":{"line":1,"column":0},"end":{"line":1,"column":37}},"1":{"start":{"line":3,"column":23},"end":{"line":5,"column":1}},"2":{"start":{"line":4,"column":4},"end":{"line":4,"column":null}},"3":{"start":{"line":7,"column":0},"end":{"line":7,"column":null}}},"fnMap":{"0":{"name":"(anonymous_1)","decl":{"start":{"line":3,"column":23},"end":{"line":3,"column":null}},"loc":{"start":{"line":3,"column":23},"end":{"line":5,"column":1}}}},"branchMap":{},"s":{"0":1,"1":1,"2":1,"3":1},"f":{"0":1},"b":{}}
}
