TN:
SF:client\src\components\Home.tsx
FN:6,(anonymous_7)
FN:9,(anonymous_8)
FN:26,(anonymous_9)
FN:29,(anonymous_10)
FN:32,(anonymous_11)
FNF:5
FNH:1
FNDA:0,(anonymous_7)
FNDA:25,(anonymous_8)
FNDA:0,(anonymous_9)
FNDA:0,(anonymous_10)
FNDA:0,(anonymous_11)
DA:1,1
DA:2,1
DA:3,1
DA:4,1
DA:6,1
DA:7,0
DA:9,1
DA:11,25
DA:12,0
DA:26,0
DA:29,0
DA:32,0
DA:41,1
LF:13
LH:8
BRDA:36,0,0,0
BRDA:36,0,1,0
BRF:2
BRH:0
end_of_record
TN:
SF:client\src\components\LoginModal.tsx
FN:3,(anonymous_1)
FNF:1
FNH:0
FNDA:0,(anonymous_1)
DA:1,1
DA:3,1
DA:4,0
DA:30,1
LF:4
LH:3
BRF:0
BRH:0
end_of_record
TN:
SF:client\src\components\sideBar.tsx
FN:3,(anonymous_1)
FN:25,(anonymous_2)
FN:28,(anonymous_3)
FN:29,(anonymous_4)
FN:30,(anonymous_5)
FN:32,(anonymous_6)
FNF:6
FNH:6
FNDA:5,(anonymous_1)
FNDA:15,(anonymous_2)
FNDA:1,(anonymous_3)
FNDA:15,(anonymous_4)
FNDA:55,(anonymous_5)
FNDA:1,(anonymous_6)
DA:1,2
DA:3,2
DA:4,5
DA:5,5
DA:24,5
DA:26,15
DA:27,15
DA:28,1
DA:30,55
DA:31,55
DA:32,55
DA:40,2
LF:12
LH:12
BRF:0
BRH:0
end_of_record
TN:
SF:client\src\components\dashboardComponents\AcademicMain.tsx
FN:11,(anonymous_7)
FN:14,(anonymous_8)
FN:16,(anonymous_9)
FNF:3
FNH:1
FNDA:0,(anonymous_7)
FNDA:21,(anonymous_8)
FNDA:0,(anonymous_9)
DA:1,1
DA:3,1
DA:4,1
DA:5,1
DA:6,1
DA:7,1
DA:8,1
DA:9,1
DA:11,1
DA:14,1
DA:15,21
DA:16,0
DA:17,0
DA:19,0
DA:43,1
LF:15
LH:12
BRDA:24,0,0,0
BRDA:24,0,1,0
BRDA:25,1,0,0
BRDA:25,1,1,0
BRDA:26,2,0,0
BRDA:26,2,1,0
BRDA:27,3,0,0
BRDA:27,3,1,0
BRDA:32,4,0,0
BRDA:32,4,1,0
BRDA:33,5,0,0
BRDA:33,5,1,0
BRDA:34,6,0,0
BRDA:34,6,1,0
BRDA:35,7,0,0
BRDA:35,7,1,0
BRF:16
BRH:0
end_of_record
TN:
SF:client\src\components\dashboardComponents\ManageClasses.tsx
FN:4,(anonymous_1)
FN:12,(anonymous_2)
FNF:2
FNH:2
FNDA:4,(anonymous_1)
FNDA:16,(anonymous_2)
DA:1,1
DA:2,1
DA:4,1
DA:5,4
DA:6,4
DA:13,16
DA:32,1
LF:7
LH:7
BRF:0
BRH:0
end_of_record
TN:
SF:client\src\components\dashboardComponents\AcademicContents\graduation.tsx
FN:3,(anonymous_1)
FNF:1
FNH:1
FNDA:1,(anonymous_1)
DA:1,2
DA:3,2
DA:4,1
DA:8,2
LF:4
LH:4
BRF:0
BRH:0
end_of_record
TN:
SF:client\src\components\dashboardComponents\AcademicContents\transcriptRequest.tsx
FN:3,(anonymous_1)
FNF:1
FNH:1
FNDA:1,(anonymous_1)
DA:1,2
DA:3,2
DA:4,1
DA:7,2
LF:4
LH:4
BRF:0
BRH:0
end_of_record
TN:
SF:client\src\components\dashboardComponents\CpaContents\browseCourses.tsx
FN:3,(anonymous_1)
FNF:1
FNH:1
FNDA:1,(anonymous_1)
DA:1,1
DA:3,1
DA:4,1
DA:7,1
LF:4
LH:4
BRF:0
BRH:0
end_of_record
TN:
SF:client\src\components\dashboardComponents\CpaContents\checkReq.tsx
FN:3,(anonymous_1)
FNF:1
FNH:1
FNDA:1,(anonymous_1)
DA:1,1
DA:3,1
DA:4,1
DA:7,1
LF:4
LH:4
BRF:0
BRH:0
end_of_record
TN:
SF:client\src\components\dashboardComponents\CpaContents\currentCourses.tsx
FN:3,(anonymous_1)
FNF:1
FNH:1
FNDA:1,(anonymous_1)
DA:1,1
DA:3,1
DA:4,1
DA:7,1
LF:4
LH:4
BRF:0
BRH:0
end_of_record
